<?xml version="1.0" encoding="UTF-8"?>
<coverage generated="1502748238317" clover="3.2.0">
  <project timestamp="1502748238318" name="All files">
    <metrics statements="9" coveredstatements="9" conditionals="4" coveredconditionals="4" methods="5" coveredmethods="5" elements="18" coveredelements="18" complexity="0" loc="9" ncloc="9" packages="3" files="3" classes="3">
      <package name="actions">
        <metrics statements="2" coveredstatements="2" conditionals="0" coveredconditionals="0" methods="2" coveredmethods="2"/>
        <file name="actions.js" path="/Users/aminRX/drshap/react-redux-server-boilerplate/app/actions/actions.js">
          <metrics statements="2" coveredstatements="2" conditionals="0" coveredconditionals="0" methods="2" coveredmethods="2"/>
          <line num="4" count="1" type="stmt"/>
          <line num="10" count="1" type="stmt"/>
        </file>
      </package>
      <package name="components.counter">
        <metrics statements="2" coveredstatements="2" conditionals="0" coveredconditionals="0" methods="0" coveredmethods="0"/>
        <file name="constans.js" path="/Users/aminRX/drshap/react-redux-server-boilerplate/app/components/counter/constans.js">
          <metrics statements="2" coveredstatements="2" conditionals="0" coveredconditionals="0" methods="0" coveredmethods="0"/>
          <line num="1" count="2" type="stmt"/>
          <line num="2" count="2" type="stmt"/>
        </file>
      </package>
      <package name="reducers">
        <metrics statements="5" coveredstatements="5" conditionals="4" coveredconditionals="4" methods="3" coveredmethods="3"/>
        <file name="reducer.js" path="/Users/aminRX/drshap/react-redux-server-boilerplate/app/reducers/reducer.js">
          <metrics statements="5" coveredstatements="5" conditionals="4" coveredconditionals="4" methods="3" coveredmethods="3"/>
          <line num="8" count="1" type="stmt"/>
          <line num="11" count="5" type="cond" truecount="3" falsecount="0"/>
          <line num="13" count="2" type="stmt"/>
          <line num="15" count="2" type="stmt"/>
          <line num="17" count="1" type="stmt"/>
        </file>
      </package>
    </metrics>
  </project>
</coverage>
