{"/Users/aminRX/drshap/react-redux-server-boilerplate/app/actions/actions.js": {"path":"/Users/aminRX/drshap/react-redux-server-boilerplate/app/actions/actions.js","statementMap":{"0":{"start":{"line":4,"column":2},"end":{"line":6,"column":4}},"1":{"start":{"line":10,"column":2},"end":{"line":12,"column":4}}},"fnMap":{"0":{"name":"increment","decl":{"start":{"line":3,"column":16},"end":{"line":3,"column":25}},"loc":{"start":{"line":3,"column":28},"end":{"line":7,"column":1}},"line":3},"1":{"name":"decrement","decl":{"start":{"line":9,"column":16},"end":{"line":9,"column":25}},"loc":{"start":{"line":9,"column":28},"end":{"line":13,"column":1}},"line":9}},"branchMap":{},"s":{"0":1,"1":1},"f":{"0":1,"1":1},"b":{},"_coverageSchema":"332fd63041d2c1bcb487cc26dd0d5f7d97098a6c","hash":"ac4a0635800318c14784735c4ea666b708eabedf"}
,"/Users/aminRX/drshap/react-redux-server-boilerplate/app/components/counter/constans.js": {"path":"/Users/aminRX/drshap/react-redux-server-boilerplate/app/components/counter/constans.js","statementMap":{"0":{"start":{"line":1,"column":25},"end":{"line":1,"column":36}},"1":{"start":{"line":2,"column":25},"end":{"line":2,"column":36}}},"fnMap":{},"branchMap":{},"s":{"0":2,"1":2},"f":{},"b":{},"_coverageSchema":"332fd63041d2c1bcb487cc26dd0d5f7d97098a6c","hash":"6f9466623e2b75b47a639b7cdda7fa0cee84da58"}
,"/Users/aminRX/drshap/react-redux-server-boilerplate/app/reducers/reducer.js": {"path":"/Users/aminRX/drshap/react-redux-server-boilerplate/app/reducers/reducer.js","statementMap":{"0":{"start":{"line":8,"column":21},"end":{"line":8,"column":39}},"1":{"start":{"line":11,"column":2},"end":{"line":18,"column":3}},"2":{"start":{"line":13,"column":6},"end":{"line":13,"column":55}},"3":{"start":{"line":13,"column":44},"end":{"line":13,"column":53}},"4":{"start":{"line":15,"column":6},"end":{"line":15,"column":55}},"5":{"start":{"line":15,"column":44},"end":{"line":15,"column":53}},"6":{"start":{"line":17,"column":6},"end":{"line":17,"column":19}}},"fnMap":{"0":{"name":"(anonymous_0)","decl":{"start":{"line":10,"column":15},"end":{"line":10,"column":16}},"loc":{"start":{"line":10,"column":49},"end":{"line":19,"column":1}},"line":10},"1":{"name":"(anonymous_1)","decl":{"start":{"line":13,"column":35},"end":{"line":13,"column":36}},"loc":{"start":{"line":13,"column":44},"end":{"line":13,"column":53}},"line":13},"2":{"name":"(anonymous_2)","decl":{"start":{"line":15,"column":35},"end":{"line":15,"column":36}},"loc":{"start":{"line":15,"column":44},"end":{"line":15,"column":53}},"line":15}},"branchMap":{"0":{"loc":{"start":{"line":10,"column":16},"end":{"line":10,"column":36}},"type":"default-arg","locations":[{"start":{"line":10,"column":24},"end":{"line":10,"column":36}}],"line":10},"1":{"loc":{"start":{"line":11,"column":2},"end":{"line":18,"column":3}},"type":"switch","locations":[{"start":{"line":12,"column":4},"end":{"line":13,"column":55}},{"start":{"line":14,"column":4},"end":{"line":15,"column":55}},{"start":{"line":16,"column":4},"end":{"line":17,"column":19}}],"line":11}},"s":{"0":1,"1":5,"2":2,"3":2,"4":2,"5":2,"6":1},"f":{"0":5,"1":2,"2":2},"b":{"0":[1],"1":[2,2,1]},"_coverageSchema":"332fd63041d2c1bcb487cc26dd0d5f7d97098a6c","hash":"a60add5ad71872bf656fe7afb0cb790edcd9c814"}
}
