TN:
SF:/Users/aminRX/drshap/react-redux-server-boilerplate/app/actions/actions.js
FN:3,increment
FN:9,decrement
FNF:2
FNH:2
FNDA:1,increment
FNDA:1,decrement
DA:4,1
DA:10,1
LF:2
LH:2
BRF:0
BRH:0
end_of_record
TN:
SF:/Users/aminRX/drshap/react-redux-server-boilerplate/app/components/counter/constans.js
FNF:0
FNH:0
DA:1,2
DA:2,2
LF:2
LH:2
BRF:0
BRH:0
end_of_record
TN:
SF:/Users/aminRX/drshap/react-redux-server-boilerplate/app/reducers/reducer.js
FN:10,(anonymous_0)
FN:13,(anonymous_1)
FN:15,(anonymous_2)
FNF:3
FNH:3
FNDA:5,(anonymous_0)
FNDA:2,(anonymous_1)
FNDA:2,(anonymous_2)
DA:8,1
DA:11,5
DA:13,2
DA:15,2
DA:17,1
LF:5
LH:5
BRDA:10,0,0,1
BRDA:11,1,0,2
BRDA:11,1,1,2
BRDA:11,1,2,1
BRF:4
BRH:4
end_of_record
